#! /usr/bin/vvp
:ivl_version "12.0 (stable)";
:ivl_delay_selection "TYPICAL";
:vpi_time_precision - 12;
:vpi_module "/usr/lib/x86_64-linux-gnu/ivl/system.vpi";
:vpi_module "/usr/lib/x86_64-linux-gnu/ivl/vhdl_sys.vpi";
:vpi_module "/usr/lib/x86_64-linux-gnu/ivl/vhdl_textio.vpi";
:vpi_module "/usr/lib/x86_64-linux-gnu/ivl/v2005_math.vpi";
:vpi_module "/usr/lib/x86_64-linux-gnu/ivl/va_math.vpi";
S_0x5b5635c57190 .scope module, "tb_single_port_ram" "tb_single_port_ram" 2 3;
 .timescale -9 -12;
v0x5b5635c6b100_0 .var "addr", 3 0;
v0x5b5635c6b210_0 .var "clk", 0 0;
v0x5b5635c6b2e0_0 .var "din", 7 0;
v0x5b5635c6b3e0_0 .net "dout", 7 0, v0x5b5635c6adb0_0;  1 drivers
v0x5b5635c6b4b0_0 .var "we", 0 0;
S_0x5b5635c57320 .scope module, "uut" "single_port_ram" 2 10, 3 1 0, S_0x5b5635c57190;
 .timescale 0 0;
    .port_info 0 /INPUT 1 "clk";
    .port_info 1 /INPUT 1 "we";
    .port_info 2 /INPUT 4 "addr";
    .port_info 3 /INPUT 8 "din";
    .port_info 4 /OUTPUT 8 "dout";
P_0x5b5635c41860 .param/l "ADDR_WIDTH" 0 3 3, +C4<00000000000000000000000000000100>;
P_0x5b5635c418a0 .param/l "DATA_WIDTH" 0 3 2, +C4<00000000000000000000000000001000>;
v0x5b5635c1c490_0 .net "addr", 3 0, v0x5b5635c6b100_0;  1 drivers
v0x5b5635c6ac00_0 .net "clk", 0 0, v0x5b5635c6b210_0;  1 drivers
v0x5b5635c6acc0_0 .net "din", 7 0, v0x5b5635c6b2e0_0;  1 drivers
v0x5b5635c6adb0_0 .var "dout", 7 0;
v0x5b5635c6ae90 .array "mem", 15 0, 7 0;
v0x5b5635c6afa0_0 .net "we", 0 0, v0x5b5635c6b4b0_0;  1 drivers
E_0x5b5635c55990 .event posedge, v0x5b5635c6ac00_0;
    .scope S_0x5b5635c57320;
T_0 ;
    %wait E_0x5b5635c55990;
    %load/vec4 v0x5b5635c6afa0_0;
    %flag_set/vec4 8;
    %jmp/0xz  T_0.0, 8;
    %load/vec4 v0x5b5635c6acc0_0;
    %load/vec4 v0x5b5635c1c490_0;
    %pad/u 6;
    %ix/vec4 3;
    %ix/load 4, 0, 0; Constant delay
    %assign/vec4/a/d v0x5b5635c6ae90, 0, 4;
T_0.0 ;
    %load/vec4 v0x5b5635c1c490_0;
    %pad/u 6;
    %ix/vec4 4;
    %load/vec4a v0x5b5635c6ae90, 4;
    %assign/vec4 v0x5b5635c6adb0_0, 0;
    %jmp T_0;
    .thread T_0;
    .scope S_0x5b5635c57190;
T_1 ;
    %delay 5000, 0;
    %load/vec4 v0x5b5635c6b210_0;
    %inv;
    %store/vec4 v0x5b5635c6b210_0, 0, 1;
    %jmp T_1;
    .thread T_1;
    .scope S_0x5b5635c57190;
T_2 ;
    %pushi/vec4 0, 0, 1;
    %store/vec4 v0x5b5635c6b210_0, 0, 1;
    %pushi/vec4 0, 0, 1;
    %store/vec4 v0x5b5635c6b4b0_0, 0, 1;
    %pushi/vec4 0, 0, 4;
    %store/vec4 v0x5b5635c6b100_0, 0, 4;
    %pushi/vec4 0, 0, 8;
    %store/vec4 v0x5b5635c6b2e0_0, 0, 8;
    %pushi/vec4 1, 0, 1;
    %store/vec4 v0x5b5635c6b4b0_0, 0, 1;
    %pushi/vec4 1, 0, 4;
    %store/vec4 v0x5b5635c6b100_0, 0, 4;
    %pushi/vec4 165, 0, 8;
    %store/vec4 v0x5b5635c6b2e0_0, 0, 8;
    %delay 10000, 0;
    %pushi/vec4 2, 0, 4;
    %store/vec4 v0x5b5635c6b100_0, 0, 4;
    %pushi/vec4 90, 0, 8;
    %store/vec4 v0x5b5635c6b2e0_0, 0, 8;
    %delay 10000, 0;
    %pushi/vec4 0, 0, 1;
    %store/vec4 v0x5b5635c6b4b0_0, 0, 1;
    %pushi/vec4 1, 0, 4;
    %store/vec4 v0x5b5635c6b100_0, 0, 4;
    %delay 10000, 0;
    %pushi/vec4 2, 0, 4;
    %store/vec4 v0x5b5635c6b100_0, 0, 4;
    %delay 10000, 0;
    %vpi_call 2 34 "$finish" {0 0 0};
    %end;
    .thread T_2;
# The file index is used to find the file name in the following table.
:file_names 4;
    "N/A";
    "<interactive>";
    "tb_single_port_ram.v";
    "single_port_ram.v";
